-------------------------------------------------------------------------------
Test set: tapu.urlshortener.business.UrlMapServiceTest
-------------------------------------------------------------------------------
Tests run: 5, Failures: 1, Errors: 0, Skipped: 0, Time elapsed: 4.614 s <<< FAILURE! - in tapu.urlshortener.business.UrlMapServiceTest
shouldAddUrlIntoUser  Time elapsed: 0.014 s  <<< FAILURE!
org.opentest4j.AssertionFailedError: expected: <true> but was: <false>
	at tapu.urlshortener.business.UrlMapServiceTest.shouldAddUrlIntoUser(UrlMapServiceTest.java:75)

